<?xml version="1.0" encoding="UTF-8"?>
<!-- Generated by org.testng.reporters.JUnitXMLReporter -->
<testsuite ignored="0" hostname="LapiLen" failures="0" tests="2" name="Error Validations Test" time="24.364" errors="0" timestamp="2025-04-14T14:56:56 IST">
  <testcase classname="rahulsheetyacademy.tests.ErrorValidationTest" name="loginErrorValidation" time="0.426"/>
  <testcase classname="rahulsheetyacademy.tests.ErrorValidationTest" name="productErrorValidation" time="17.664"/>
</testsuite> <!-- Error Validations Test -->
