<?xml version="1.0" encoding="UTF-8"?>
<!-- Generated by org.testng.reporters.JUnitXMLReporter -->
<testsuite ignored="0" hostname="LapiLen" failures="0" tests="2" name="Error Validations Test" time="25.056" errors="0" timestamp="2025-04-14T23:07:00 IST">
  <testcase classname="rahulsheetyacademy.tests.ErrorValidationTest" name="loginErrorValidation" time="0.541"/>
  <testcase classname="rahulsheetyacademy.tests.ErrorValidationTest" name="productErrorValidation" time="17.813"/>
</testsuite> <!-- Error Validations Test -->
