<?xml version="1.0" encoding="UTF-8"?>
<!-- Generated by org.testng.reporters.JUnitXMLReporter -->
<testsuite ignored="0" hostname="LapiLen" failures="1" tests="3" name="Submit Order Test" time="32.946" errors="0" timestamp="2025-04-14T23:07:07 IST">
  <testcase classname="rahulsheetyacademy.tests.SubmitOrderTest" name="submitOrder" time="24.157"/>
  <testcase classname="rahulsheetyacademy.tests.SubmitOrderTest" name="submitOrder" time="0.778">
    <failure type="java.lang.NullPointerException" message="Cannot invoke &amp;quot;org.openqa.selenium.WebElement.findElement(org.openqa.selenium.By)&amp;quot; because &amp;quot;prod&amp;quot; is null">
      <![CDATA[java.lang.NullPointerException: Cannot invoke "org.openqa.selenium.WebElement.findElement(org.openqa.selenium.By)" because "prod" is null
at rahulshettyacademy.pageObjects.ProductCatalogue.addProductToCart(ProductCatalogue.java:56)
at rahulsheetyacademy.tests.SubmitOrderTest.submitOrder(SubmitOrderTest.java:38)
at java.base/java.util.ArrayList.forEach(ArrayList.java:1597)
at java.base/java.util.concurrent.FutureTask.run(FutureTask.java:317)
at java.base/java.util.concurrent.ThreadPoolExecutor.runWorker(ThreadPoolExecutor.java:1144)
at java.base/java.util.concurrent.ThreadPoolExecutor$Worker.run(ThreadPoolExecutor.java:642)
at java.base/java.lang.Thread.run(Thread.java:1575)
... Removed 15 stack frames]]>
    </failure>
  </testcase> <!-- submitOrder -->
  <testcase classname="rahulsheetyacademy.tests.SubmitOrderTest" name="orderHistoryTest" time="0.0">
    <skipped/>
  </testcase> <!-- orderHistoryTest -->
</testsuite> <!-- Submit Order Test -->
