<?xml version="1.0" encoding="UTF-8"?>
<testng-results ignored="0" total="5" passed="3" failed="1" skipped="1">
  <reporter-output>
  </reporter-output>
  <suite started-at="2025-04-14T23:06:34 IST" name="Suite" finished-at="2025-04-14T23:07:07 IST" duration-ms="32946">
    <groups>
      <group name="ErrorHandling">
        <method signature="ErrorValidationTest.loginErrorValidation()[pri:0, instance:rahulsheetyacademy.tests.ErrorValidationTest@7d7758be]" name="loginErrorValidation" class="rahulsheetyacademy.tests.ErrorValidationTest"/>
      </group> <!-- ErrorHandling -->
      <group name="Purchase">
        <method signature="SubmitOrderTest.submitOrder(java.util.HashMap)[pri:0, instance:rahulsheetyacademy.tests.SubmitOrderTest@624ea235]" name="submitOrder" class="rahulsheetyacademy.tests.SubmitOrderTest"/>
      </group> <!-- Purchase -->
    </groups>
    <test started-at="2025-04-14T23:06:34 IST" name="Error Validations Test" finished-at="2025-04-14T23:06:59 IST" duration-ms="25056">
      <class name="rahulsheetyacademy.tests.ErrorValidationTest">
        <test-method is-config="true" signature="launchApplication()[pri:0, instance:rahulsheetyacademy.tests.ErrorValidationTest@7d7758be]" started-at="2025-04-14T23:06:34 IST" name="launchApplication" finished-at="2025-04-14T23:06:37 IST" duration-ms="3294" status="PASS">
          <reporter-output>
          </reporter-output>
        </test-method> <!-- launchApplication -->
        <test-method signature="loginErrorValidation()[pri:0, instance:rahulsheetyacademy.tests.ErrorValidationTest@7d7758be]" started-at="2025-04-14T23:06:37 IST" name="loginErrorValidation" finished-at="2025-04-14T23:06:38 IST" duration-ms="541" status="PASS">
          <reporter-output>
          </reporter-output>
        </test-method> <!-- loginErrorValidation -->
        <test-method is-config="true" signature="tearDown()[pri:0, instance:rahulsheetyacademy.tests.ErrorValidationTest@7d7758be]" started-at="2025-04-14T23:06:38 IST" name="tearDown" finished-at="2025-04-14T23:06:38 IST" duration-ms="184" status="PASS">
          <reporter-output>
          </reporter-output>
        </test-method> <!-- tearDown -->
        <test-method is-config="true" signature="launchApplication()[pri:0, instance:rahulsheetyacademy.tests.ErrorValidationTest@7d7758be]" started-at="2025-04-14T23:06:38 IST" name="launchApplication" finished-at="2025-04-14T23:06:41 IST" duration-ms="3025" status="PASS">
          <reporter-output>
          </reporter-output>
        </test-method> <!-- launchApplication -->
        <test-method signature="productErrorValidation()[pri:0, instance:rahulsheetyacademy.tests.ErrorValidationTest@7d7758be]" started-at="2025-04-14T23:06:41 IST" name="productErrorValidation" finished-at="2025-04-14T23:06:59 IST" duration-ms="17813" status="PASS">
          <reporter-output>
          </reporter-output>
        </test-method> <!-- productErrorValidation -->
        <test-method is-config="true" signature="tearDown()[pri:0, instance:rahulsheetyacademy.tests.ErrorValidationTest@7d7758be]" started-at="2025-04-14T23:06:59 IST" name="tearDown" finished-at="2025-04-14T23:06:59 IST" duration-ms="126" status="PASS">
          <reporter-output>
          </reporter-output>
        </test-method> <!-- tearDown -->
      </class> <!-- rahulsheetyacademy.tests.ErrorValidationTest -->
    </test> <!-- Error Validations Test -->
    <test started-at="2025-04-14T23:06:34 IST" name="Submit Order Test" finished-at="2025-04-14T23:07:07 IST" duration-ms="32946">
      <class name="rahulsheetyacademy.tests.SubmitOrderTest">
        <test-method is-config="true" signature="launchApplication()[pri:0, instance:rahulsheetyacademy.tests.SubmitOrderTest@624ea235]" started-at="2025-04-14T23:06:34 IST" name="launchApplication" finished-at="2025-04-14T23:06:38 IST" duration-ms="3279" status="PASS">
          <reporter-output>
          </reporter-output>
        </test-method> <!-- launchApplication -->
        <test-method signature="submitOrder(java.util.HashMap)[pri:0, instance:rahulsheetyacademy.tests.SubmitOrderTest@624ea235]" started-at="2025-04-14T23:06:38 IST" name="submitOrder" data-provider="getData" finished-at="2025-04-14T23:07:02 IST" duration-ms="24157" status="PASS">
          <params>
            <param index="0">
              <value>
                <![CDATA[{pwd=Gaurav@123, email=mishra.gaurav19@gmail.com, productName=ZARA COAT 3}]]>
              </value>
            </param>
          </params>
          <reporter-output>
          </reporter-output>
        </test-method> <!-- submitOrder -->
        <test-method is-config="true" signature="tearDown()[pri:0, instance:rahulsheetyacademy.tests.SubmitOrderTest@624ea235]" started-at="2025-04-14T23:07:02 IST" name="tearDown" finished-at="2025-04-14T23:07:02 IST" duration-ms="83" status="PASS">
          <reporter-output>
          </reporter-output>
        </test-method> <!-- tearDown -->
        <test-method is-config="true" signature="launchApplication()[pri:0, instance:rahulsheetyacademy.tests.SubmitOrderTest@624ea235]" started-at="2025-04-14T23:07:02 IST" name="launchApplication" finished-at="2025-04-14T23:07:05 IST" duration-ms="3073" status="PASS">
          <reporter-output>
          </reporter-output>
        </test-method> <!-- launchApplication -->
        <test-method signature="submitOrder(java.util.HashMap)[pri:0, instance:rahulsheetyacademy.tests.SubmitOrderTest@624ea235]" started-at="2025-04-14T23:07:05 IST" name="submitOrder" data-provider="getData" finished-at="2025-04-14T23:07:06 IST" duration-ms="778" status="FAIL">
          <params>
            <param index="0">
              <value>
                <![CDATA[{pwd=Gaurav@123, email=sharma.gaurav19@gmail.com, productName=ADIDAS ORIGINAL}]]>
              </value>
            </param>
          </params>
          <exception class="java.lang.NullPointerException">
            <message>
              <![CDATA[Cannot invoke "org.openqa.selenium.WebElement.findElement(org.openqa.selenium.By)" because "prod" is null]]>
            </message>
            <full-stacktrace>
              <![CDATA[java.lang.NullPointerException: Cannot invoke "org.openqa.selenium.WebElement.findElement(org.openqa.selenium.By)" because "prod" is null
at rahulshettyacademy.pageObjects.ProductCatalogue.addProductToCart(ProductCatalogue.java:56)
at rahulsheetyacademy.tests.SubmitOrderTest.submitOrder(SubmitOrderTest.java:38)
at java.base/jdk.internal.reflect.DirectMethodHandleAccessor.invoke(DirectMethodHandleAccessor.java:103)
at java.base/java.lang.reflect.Method.invoke(Method.java:580)
at org.testng.internal.invokers.MethodInvocationHelper.invokeMethod(MethodInvocationHelper.java:141)
at org.testng.internal.invokers.TestInvoker.invokeMethod(TestInvoker.java:686)
at org.testng.internal.invokers.TestInvoker.invokeTestMethod(TestInvoker.java:230)
at org.testng.internal.invokers.MethodRunner.runInSequence(MethodRunner.java:63)
at org.testng.internal.invokers.TestInvoker$MethodInvocationAgent.invoke(TestInvoker.java:992)
at org.testng.internal.invokers.TestInvoker.invokeTestMethods(TestInvoker.java:203)
at org.testng.internal.invokers.TestMethodWorker.invokeTestMethods(TestMethodWorker.java:154)
at org.testng.internal.invokers.TestMethodWorker.run(TestMethodWorker.java:134)
at java.base/java.util.ArrayList.forEach(ArrayList.java:1597)
at org.testng.TestRunner.privateRun(TestRunner.java:739)
at org.testng.TestRunner.run(TestRunner.java:614)
at org.testng.SuiteRunner.runTest(SuiteRunner.java:421)
at org.testng.SuiteRunner$SuiteWorker.run(SuiteRunner.java:463)
at org.testng.internal.thread.ThreadUtil.lambda$execute$0(ThreadUtil.java:64)
at java.base/java.util.concurrent.FutureTask.run(FutureTask.java:317)
at java.base/java.util.concurrent.ThreadPoolExecutor.runWorker(ThreadPoolExecutor.java:1144)
at java.base/java.util.concurrent.ThreadPoolExecutor$Worker.run(ThreadPoolExecutor.java:642)
at java.base/java.lang.Thread.run(Thread.java:1575)
]]>
            </full-stacktrace>
          </exception> <!-- java.lang.NullPointerException -->
          <reporter-output>
          </reporter-output>
        </test-method> <!-- submitOrder -->
        <test-method is-config="true" signature="tearDown()[pri:0, instance:rahulsheetyacademy.tests.SubmitOrderTest@624ea235]" started-at="2025-04-14T23:07:07 IST" name="tearDown" finished-at="2025-04-14T23:07:07 IST" duration-ms="99" status="PASS">
          <reporter-output>
          </reporter-output>
        </test-method> <!-- tearDown -->
        <test-method signature="orderHistoryTest()[pri:0, instance:rahulsheetyacademy.tests.SubmitOrderTest@624ea235]" started-at="2025-04-14T23:07:07 IST" name="orderHistoryTest" finished-at="2025-04-14T23:07:07 IST" depends-on-methods="rahulsheetyacademy.tests.SubmitOrderTest.submitOrder" duration-ms="0" status="SKIP">
          <exception class="java.lang.Throwable">
            <message>
              <![CDATA[Method rahulsheetyacademy.tests.SubmitOrderTest.orderHistoryTest() on instance rahulsheetyacademy.tests.SubmitOrderTest@624ea235 depends on not successfully finished methods 
[rahulsheetyacademy.tests.SubmitOrderTest.submitOrder() on instance rahulsheetyacademy.tests.SubmitOrderTest@624ea235]]]>
            </message>
            <full-stacktrace>
              <![CDATA[java.lang.Throwable: Method rahulsheetyacademy.tests.SubmitOrderTest.orderHistoryTest() on instance rahulsheetyacademy.tests.SubmitOrderTest@624ea235 depends on not successfully finished methods 
[rahulsheetyacademy.tests.SubmitOrderTest.submitOrder() on instance rahulsheetyacademy.tests.SubmitOrderTest@624ea235]
at org.testng.internal.invokers.TestInvoker.invokeTestMethods(TestInvoker.java:159)
at org.testng.internal.invokers.TestMethodWorker.invokeTestMethods(TestMethodWorker.java:154)
at org.testng.internal.invokers.TestMethodWorker.run(TestMethodWorker.java:134)
at java.base/java.util.ArrayList.forEach(ArrayList.java:1597)
at org.testng.TestRunner.privateRun(TestRunner.java:739)
at org.testng.TestRunner.run(TestRunner.java:614)
at org.testng.SuiteRunner.runTest(SuiteRunner.java:421)
at org.testng.SuiteRunner$SuiteWorker.run(SuiteRunner.java:463)
at org.testng.internal.thread.ThreadUtil.lambda$execute$0(ThreadUtil.java:64)
at java.base/java.util.concurrent.FutureTask.run(FutureTask.java:317)
at java.base/java.util.concurrent.ThreadPoolExecutor.runWorker(ThreadPoolExecutor.java:1144)
at java.base/java.util.concurrent.ThreadPoolExecutor$Worker.run(ThreadPoolExecutor.java:642)
at java.base/java.lang.Thread.run(Thread.java:1575)
]]>
            </full-stacktrace>
          </exception> <!-- java.lang.Throwable -->
          <reporter-output>
          </reporter-output>
        </test-method> <!-- orderHistoryTest -->
      </class> <!-- rahulsheetyacademy.tests.SubmitOrderTest -->
    </test> <!-- Submit Order Test -->
  </suite> <!-- Suite -->
</testng-results>
