<?xml version="1.0" encoding="UTF-8"?>
<!-- Generated by org.testng.reporters.JUnitReportReporter -->
<testsuite hostname="LapiLen" failures="0" tests="2" name="rahulsheetyacademy.tests.ErrorValidationTest" time="24.310" errors="0" timestamp="2025-04-14T14:56:56 IST" skipped="0">
  <testcase classname="rahulsheetyacademy.tests.ErrorValidationTest" name="loginErrorValidation" time="2.083"/>
  <testcase classname="rahulsheetyacademy.tests.ErrorValidationTest" name="productErrorValidation" time="22.227"/>
</testsuite> <!-- rahulsheetyacademy.tests.ErrorValidationTest -->
