<?xml version="1.0" encoding="UTF-8"?>
<!-- Generated by org.testng.reporters.JUnitReportReporter -->
<testsuite hostname="LapiLen" failures="0" tests="2" name="rahulsheetyacademy.tests.ErrorValidationTest" time="24.983" errors="0" timestamp="2025-04-14T23:07:07 IST" skipped="0">
  <testcase classname="rahulsheetyacademy.tests.ErrorValidationTest" name="productErrorValidation" time="21.291"/>
  <testcase classname="rahulsheetyacademy.tests.ErrorValidationTest" name="loginErrorValidation" time="3.692"/>
</testsuite> <!-- rahulsheetyacademy.tests.ErrorValidationTest -->
